[2024-12-02 12:54:35] [1] [WARN] Reporting disabled: using no op test run registrar
[2024-12-02 12:54:35] [1] [INFO] TEST [Web - verifyAccountCreation] STARTED at [19:54:35 2024-12-01]
[2024-12-02 12:54:35] [1] [INFO] Starting driver session...
[2024-12-02 12:54:37] [1] [INFO] Driver session started.
[2024-12-02 12:54:37] [1] [INFO] INFO: opening url 'https://magento.softwaretestingboard.com/customer/account/create/'
[2024-12-02 12:54:59] [1] [ERROR] TEST [Web - verifyAccountCreation] FAILED at [19:54:59 2024-12-01] - Unable to open url during 20sec!

org.testng.Assert.fail(Assert.java:111)
com.zebrunner.carina.webdriver.helper.IPageActionsHelper.openURL(IPageActionsHelper.java:309)
com.zebrunner.carina.webdriver.helper.IPageActionsHelper.openURL(IPageActionsHelper.java:274)
com.zebrunner.carina.webdriver.gui.AbstractPage.open(AbstractPage.java:107)
tests.CreateAccountTest.verifyAccountCreation(CreateAccountTest.java:18)
java.base/jdk.internal.reflect.DirectMethodHandleAccessor.invoke(DirectMethodHandleAccessor.java:104)
java.base/java.lang.reflect.Method.invoke(Method.java:578)
org.testng.internal.invokers.MethodInvocationHelper.invokeMethod(MethodInvocationHelper.java:139)
org.testng.internal.invokers.TestInvoker.invokeMethod(TestInvoker.java:664)
org.testng.internal.invokers.TestInvoker.invokeTestMethod(TestInvoker.java:227)
org.testng.internal.invokers.MethodRunner.runInSequence(MethodRunner.java:50)
org.testng.internal.invokers.TestInvoker$MethodInvocationAgent.invoke(TestInvoker.java:957)
org.testng.internal.invokers.TestInvoker.invokeTestMethods(TestInvoker.java:200)
org.testng.internal.invokers.TestMethodWorker.invokeTestMethods(TestMethodWorker.java:148)
org.testng.internal.invokers.TestMethodWorker.run(TestMethodWorker.java:128)
java.base/java.util.ArrayList.forEach(ArrayList.java:1511)
org.testng.TestRunner.privateRun(TestRunner.java:848)
org.testng.TestRunner.run(TestRunner.java:621)
org.testng.SuiteRunner.runTest(SuiteRunner.java:443)
org.testng.SuiteRunner.runSequentially(SuiteRunner.java:437)
org.testng.SuiteRunner.privateRun(SuiteRunner.java:397)
org.testng.SuiteRunner.run(SuiteRunner.java:336)
org.testng.SuiteRunnerWorker.runSuite(SuiteRunnerWorker.java:52)
org.testng.SuiteRunnerWorker.run(SuiteRunnerWorker.java:95)
org.testng.TestNG.runSuitesSequentially(TestNG.java:1280)
org.testng.TestNG.runSuitesLocally(TestNG.java:1200)
org.testng.TestNG.runSuites(TestNG.java:1114)
org.testng.TestNG.run(TestNG.java:1082)
com.intellij.rt.testng.IDEARemoteTestNG.run(IDEARemoteTestNG.java:66)
com.intellij.rt.testng.RemoteTestNGStarter.main(RemoteTestNGStarter.java:109)
